0 info it worked if it ends with ok
1 verbose cli [ 'c:\\Program Files\\nodejs\\node.exe',
1 verbose cli   'c:\\Program Files\\nodejs\\node_modules\\npm\\bin\\npm-cli.js',
1 verbose cli   'start' ]
2 info using npm@3.10.3
3 info using node@v6.3.1
4 verbose run-script [ 'prestart', 'start', 'poststart' ]
5 info lifecycle cfApp@0.0.0~prestart: cfApp@0.0.0
6 silly lifecycle cfApp@0.0.0~prestart: no script for prestart, continuing
7 info lifecycle cfApp@0.0.0~start: cfApp@0.0.0
8 verbose lifecycle cfApp@0.0.0~start: unsafe-perm in lifecycle true
9 verbose lifecycle cfApp@0.0.0~start: PATH: C:\Program Files\nodejs\node_modules\npm\bin\node-gyp-bin;c:\Koulu\JS\cfApp\node_modules\.bin;c:\Program Files\nodejs;c:\Users\Miika\bin;.;C:\Program Files (x86)\Git\local\bin;C:\Program Files (x86)\Git\mingw\bin;C:\Program Files (x86)\Git\bin;c:\ProgramData\Oracle\Java\javapath;c:\Program Files (x86)\Intel\iCLS Client\;c:\Program Files\Intel\iCLS Client\;c:\Windows\system32;c:\Windows;c:\Windows\System32\Wbem;c:\Windows\System32\WindowsPowerShell\v1.0\;c:\Program Files\Intel\Intel(R) Management Engine Components\DAL;c:\Program Files (x86)\Intel\Intel(R) Management Engine Components\DAL;c:\Program Files\Intel\Intel(R) Management Engine Components\IPT;c:\Program Files (x86)\Intel\Intel(R) Management Engine Components\IPT;c:\Program Files\OpenVPN\bin;c:\Program Files\MiKTeX 2.9\miktex\bin\x64\;c:\Program Files\apache-maven-3.2.3\bin;c:\Users\Miika\AppData\Roaming\npm;c:\devel\lein;c:\Program Files (x86)\sbt\bin;c:\Program Files (x86)\Heroku\bin;C:\Program Files (x86)\Git\cmd;c:\Program Files\Java\jdk1.8.0_25\bin;c:\Program Files (x86)\MySQL\MySQL Fabric 1.5 & MySQL Utilities 1.5\;c:\Program Files (x86)\MySQL\MySQL Fabric 1.5 & MySQL Utilities 1.5\Doctrine extensions for PHP\;c:\Program Files\TortoiseSVN\bin;c:\Program Files (x86)\AMD\ATI.ACE\Core-Static;c:\Program Files (x86)\Skype\Phone\;c:\Program Files (x86)\NVIDIA Corporation\PhysX\Common;c:\Program Files\nodejs\;c:\Users\Miika\AppData\Local\Programs\Python\Python35-32\Scripts\;c:\Users\Miika\AppData\Local\Programs\Python\Python35-32\;c:\Users\Miika\AppData\Local\atom\bin;c:\Users\Miika\AppData\Roaming\npm
10 verbose lifecycle cfApp@0.0.0~start: CWD: c:\Koulu\JS\cfApp
11 silly lifecycle cfApp@0.0.0~start: Args: [ '/d /s /c', 'node ./bin/www' ]
12 silly lifecycle cfApp@0.0.0~start: Returned: code: 1  signal: null
13 info lifecycle cfApp@0.0.0~start: Failed to exec start script
14 verbose stack Error: cfApp@0.0.0 start: `node ./bin/www`
14 verbose stack Exit status 1
14 verbose stack     at EventEmitter.<anonymous> (C:\Program Files\nodejs\node_modules\npm\lib\utils\lifecycle.js:242:16)
14 verbose stack     at emitTwo (events.js:106:13)
14 verbose stack     at EventEmitter.emit (events.js:191:7)
14 verbose stack     at ChildProcess.<anonymous> (C:\Program Files\nodejs\node_modules\npm\lib\utils\spawn.js:40:14)
14 verbose stack     at emitTwo (events.js:106:13)
14 verbose stack     at ChildProcess.emit (events.js:191:7)
14 verbose stack     at maybeClose (internal/child_process.js:852:16)
14 verbose stack     at Process.ChildProcess._handle.onexit (internal/child_process.js:215:5)
15 verbose pkgid cfApp@0.0.0
16 verbose cwd c:\Koulu\JS\cfApp
17 error Windows_NT 6.1.7601
18 error argv "c:\\Program Files\\nodejs\\node.exe" "c:\\Program Files\\nodejs\\node_modules\\npm\\bin\\npm-cli.js" "start"
19 error node v6.3.1
20 error npm  v3.10.3
21 error code ELIFECYCLE
22 error cfApp@0.0.0 start: `node ./bin/www`
22 error Exit status 1
23 error Failed at the cfApp@0.0.0 start script 'node ./bin/www'.
23 error Make sure you have the latest version of node.js and npm installed.
23 error If you do, this is most likely a problem with the cfApp package,
23 error not with npm itself.
23 error Tell the author that this fails on your system:
23 error     node ./bin/www
23 error You can get information on how to open an issue for this project with:
23 error     npm bugs cfApp
23 error Or if that isn't available, you can get their info via:
23 error     npm owner ls cfApp
23 error There is likely additional logging output above.
24 verbose exit [ 1, true ]
